{"/home/nonoyama/js/js-exercises/ch13/ex10/index.ts": {"path":"/home/nonoyama/js/js-exercises/ch13/ex10/index.ts","statementMap":{"0":{"start":{"line":1,"column":0},"end":{"line":1,"column":47}},"1":{"start":{"line":2,"column":0},"end":{"line":2,"column":28}},"2":{"start":{"line":5,"column":16},"end":{"line":5,"column":46}},"3":{"start":{"line":6,"column":20},"end":{"line":10,"column":null}},"4":{"start":{"line":8,"column":20},"end":{"line":8,"column":59}},"5":{"start":{"line":9,"column":6},"end":{"line":9,"column":34}},"6":{"start":{"line":12,"column":2},"end":{"line":12,"column":54}},"7":{"start":{"line":12,"column":40},"end":{"line":12,"column":49}},"8":{"start":{"line":4,"column":0},"end":{"line":4,"column":7}}},"fnMap":{"0":{"name":"fetchSumOfFileSizes","decl":{"start":{"line":4,"column":22},"end":{"line":4,"column":41}},"loc":{"start":{"line":4,"column":74},"end":{"line":13,"column":1}}},"1":{"name":"(anonymous_1)","decl":{"start":{"line":7,"column":14},"end":{"line":7,"column":19}},"loc":{"start":{"line":7,"column":29},"end":{"line":10,"column":5}}},"2":{"name":"(anonymous_2)","decl":{"start":{"line":12,"column":26},"end":{"line":12,"column":27}},"loc":{"start":{"line":12,"column":40},"end":{"line":12,"column":49}}}},"branchMap":{},"s":{"0":1,"1":1,"2":4,"3":3,"4":4,"5":4,"6":3,"7":4,"8":1},"f":{"0":4,"1":4,"2":4},"b":{}}
}
