{"/home/nonoyama/js/js-exercises/ch14/ex05/index.ts": {"path":"/home/nonoyama/js/js-exercises/ch14/ex05/index.ts","statementMap":{"0":{"start":{"line":1,"column":40},"end":{"line":7,"column":1}},"1":{"start":{"line":2,"column":17},"end":{"line":2,"column":27}},"2":{"start":{"line":3,"column":4},"end":{"line":5,"column":null}},"3":{"start":{"line":3,"column":17},"end":{"line":3,"column":18}},"4":{"start":{"line":4,"column":8},"end":{"line":4,"column":51}},"5":{"start":{"line":6,"column":4},"end":{"line":6,"column":18}},"6":{"start":{"line":1,"column":13},"end":{"line":1,"column":40}}},"fnMap":{"0":{"name":"(anonymous_0)","decl":{"start":{"line":1,"column":40},"end":{"line":1,"column":41}},"loc":{"start":{"line":1,"column":72},"end":{"line":7,"column":1}}}},"branchMap":{},"s":{"0":1,"1":5,"2":5,"3":5,"4":4,"5":5,"6":1},"f":{"0":5},"b":{}}
}
