TN:
SF:ch11/ex13/index.ts
FN:1,stringifyJSON
FN:82,addBrackets
FNF:2
FNH:2
FNDA:106,stringifyJSON
FNDA:106,addBrackets
DA:1,1
DA:2,106
DA:15,106
DA:17,106
DA:18,86
DA:19,86
DA:20,109
DA:21,6
DA:22,103
DA:23,7
DA:24,96
DA:25,57
DA:26,7
DA:28,57
DA:29,5
DA:31,57
DA:32,3
DA:34,57
DA:35,3
DA:37,57
DA:38,3
DA:40,57
DA:43,57
DA:44,0
DA:46,57
DA:47,1
DA:49,57
DA:50,1
DA:52,57
DA:53,5
DA:58,57
DA:60,109
DA:62,20
DA:63,20
DA:64,20
DA:65,24
DA:66,1
DA:68,24
DA:69,8
DA:70,16
DA:71,5
DA:72,11
DA:73,11
DA:77,106
DA:78,106
DA:83,106
DA:84,86
DA:85,20
DA:86,20
DA:90,1
DA:91,1
DA:92,1
DA:94,1
DA:95,1
LF:54
LH:53
BRDA:17,0,0,86
BRDA:17,0,1,20
BRDA:20,1,0,6
BRDA:20,1,1,103
BRDA:22,2,0,7
BRDA:22,2,1,96
BRDA:22,3,0,103
BRDA:22,3,1,99
BRDA:24,4,0,57
BRDA:25,5,0,7
BRDA:28,6,0,5
BRDA:31,7,0,3
BRDA:34,8,0,3
BRDA:37,9,0,3
BRDA:40,10,0,24
BRDA:43,11,0,0
BRDA:46,12,0,1
BRDA:49,13,0,1
BRDA:52,14,0,5
BRDA:62,15,0,20
BRDA:62,16,0,20
BRDA:62,16,1,20
BRDA:65,17,0,1
BRDA:68,18,0,8
BRDA:68,18,1,16
BRDA:68,19,0,24
BRDA:68,19,1,22
BRDA:68,19,2,17
BRDA:70,20,0,5
BRDA:70,20,1,11
BRDA:70,21,0,16
BRDA:70,21,1,13
BRDA:72,22,0,11
BRDA:83,23,0,86
BRDA:83,23,1,20
BRDA:85,24,0,20
BRF:36
BRH:35
end_of_record
