TN:
SF:ch09/ex08/index.ts
FN:3,validateState
FN:11,(anonymous_1)
FN:14,(anonymous_2)
FN:17,(anonymous_3)
FN:23,(anonymous_4)
FN:30,(anonymous_5)
FN:34,(anonymous_6)
FN:41,(anonymous_7)
FN:45,(anonymous_8)
FN:52,(anonymous_9)
FN:56,(anonymous_10)
FNF:11
FNH:11
FNDA:26,validateState
FNDA:8,(anonymous_1)
FNDA:41,(anonymous_2)
FNDA:19,(anonymous_3)
FNDA:8,(anonymous_4)
FNDA:2,(anonymous_5)
FNDA:6,(anonymous_6)
FNDA:2,(anonymous_7)
FNDA:4,(anonymous_8)
FNDA:2,(anonymous_9)
FNDA:2,(anonymous_10)
DA:4,26
DA:5,7
DA:9,1
DA:12,8
DA:15,41
DA:18,19
DA:22,1
DA:24,8
DA:25,7
DA:29,1
DA:31,2
DA:32,1
DA:35,6
DA:36,5
DA:40,1
DA:42,2
DA:43,1
DA:46,4
DA:47,3
DA:51,1
DA:53,2
DA:54,1
DA:57,2
DA:58,1
LF:24
LH:24
BRDA:4,0,0,7
BRF:1
BRH:1
end_of_record
